<?xml version="1.0" encoding="UTF-8"?>
<testng-results ignored="0" total="3" passed="3" failed="0" skipped="0">
  <reporter-output>
  </reporter-output>
  <suite started-at="2020-05-21T21:51:21Z" name="Default suite" finished-at="2020-05-21T21:51:44Z" duration-ms="22613">
    <groups>
    </groups>
    <test started-at="2020-05-21T21:51:21Z" name="Default test" finished-at="2020-05-21T21:51:44Z" duration-ms="22613">
      <class name="Test.superTechPageTest">
        <test-method is-config="true" signature="openBrowser()[pri:0, instance:Test.superTechPageTest@7219ec67]" started-at="2020-05-21T21:51:21Z" name="openBrowser" finished-at="2020-05-21T21:51:27Z" duration-ms="5733" status="PASS">
          <reporter-output>
          </reporter-output>
        </test-method> <!-- openBrowser -->
        <test-method signature="SuperTech()[pri:0, instance:Test.superTechPageTest@7219ec67]" started-at="2020-05-21T21:51:27Z" name="SuperTech" finished-at="2020-05-21T21:51:33Z" duration-ms="5523" status="PASS">
          <reporter-output>
          </reporter-output>
        </test-method> <!-- SuperTech -->
        <test-method signature="googleTest()[pri:1, instance:Test.superTechPageTest@7219ec67]" started-at="2020-05-21T21:51:33Z" name="googleTest" finished-at="2020-05-21T21:51:39Z" duration-ms="6125" status="PASS">
          <reporter-output>
          </reporter-output>
        </test-method> <!-- googleTest -->
        <test-method signature="iframeTest()[pri:2, instance:Test.superTechPageTest@7219ec67]" started-at="2020-05-21T21:51:39Z" name="iframeTest" finished-at="2020-05-21T21:51:43Z" duration-ms="4544" status="PASS">
          <reporter-output>
          </reporter-output>
        </test-method> <!-- iframeTest -->
        <test-method is-config="true" signature="closeBrowser()[pri:0, instance:Test.superTechPageTest@7219ec67]" started-at="2020-05-21T21:51:43Z" name="closeBrowser" finished-at="2020-05-21T21:51:44Z" duration-ms="669" status="PASS">
          <reporter-output>
          </reporter-output>
        </test-method> <!-- closeBrowser -->
      </class> <!-- Test.superTechPageTest -->
    </test> <!-- Default test -->
  </suite> <!-- Default suite -->
</testng-results>
