<?xml version="1.0" encoding="UTF-8"?>
<testng-results ignored="0" total="1" passed="1" failed="0" skipped="0">
  <reporter-output>
  </reporter-output>
  <suite started-at="2020-05-26T22:39:55Z" name="Default suite" finished-at="2020-05-26T22:40:06Z" duration-ms="11435">
    <groups>
    </groups>
    <test started-at="2020-05-26T22:39:55Z" name="Default test" finished-at="2020-05-26T22:40:06Z" duration-ms="11435">
      <class name="Test.BNSPageTest">
        <test-method is-config="true" signature="openBrowser()[pri:0, instance:Test.BNSPageTest@4c1d9d4b]" started-at="2020-05-26T22:39:55Z" name="openBrowser" finished-at="2020-05-26T22:40:01Z" duration-ms="5696" status="PASS">
          <reporter-output>
          </reporter-output>
        </test-method> <!-- openBrowser -->
        <test-method signature="bnsSignup()[pri:0, instance:Test.BNSPageTest@4c1d9d4b]" started-at="2020-05-26T22:40:01Z" name="bnsSignup" finished-at="2020-05-26T22:40:06Z" duration-ms="5114" status="PASS">
          <reporter-output>
          </reporter-output>
        </test-method> <!-- bnsSignup -->
        <test-method is-config="true" signature="closeBrowser()[pri:0, instance:Test.BNSPageTest@4c1d9d4b]" started-at="2020-05-26T22:40:06Z" name="closeBrowser" finished-at="2020-05-26T22:40:06Z" duration-ms="615" status="PASS">
          <reporter-output>
          </reporter-output>
        </test-method> <!-- closeBrowser -->
      </class> <!-- Test.BNSPageTest -->
    </test> <!-- Default test -->
  </suite> <!-- Default suite -->
</testng-results>
