<?xml version="1.0" encoding="UTF-8"?>
<!-- Generated by org.testng.reporters.JUnitXMLReporter -->
<testsuite ignored="0" hostname="DESKTOP-T5HEN8I" failures="0" tests="3" name="Default test" time="22.613" errors="0" timestamp="21 May 2020 21:51:44 GMT">
  <testcase classname="Test.superTechPageTest" name="SuperTech" time="5.523"/>
  <testcase classname="Test.superTechPageTest" name="googleTest" time="6.125"/>
  <testcase classname="Test.superTechPageTest" name="iframeTest" time="4.544"/>
</testsuite> <!-- Default test -->
